<?xml version="1.0" encoding="UTF-8"?>
<!-- Generated by org.testng.reporters.JUnitReportReporter -->
<testsuite hostname="DESKTOP-1E2NRIJ" failures="0" tests="1" name="TestProject.TestNG_tests.TestNGTest" time="39.116" errors="0" timestamp="07 Feb 2025 17:35:08 GMT" skipped="0">
  <testcase classname="TestProject.TestNG_tests.TestNGTest" name="Automation" time="39.116"/>
</testsuite> <!-- TestProject.TestNG_tests.TestNGTest -->
